C51 COMPILER V9.60.7.0   IIC                                                               09/06/2024 17:11:43 PAGE 1   


C51 COMPILER V9.60.7.0, COMPILATION OF MODULE IIC
OBJECT MODULE PLACED IN .\Objects\iic.obj
COMPILER INVOKED BY: E:\Keil\c51\C51\BIN\C51.EXE sys\iic.c OPTIMIZE(8,SPEED) BROWSE DEBUG OBJECTEXTEND PRINT(.\Listings\
                    -iic.lst) TABS(2) OBJECT(.\Objects\iic.obj)

line level    source

   1          #include "sys.h"
   2          #include "iic.h"
   3          
   4          /**************************************
   5          起始信号
   6          **************************************/
   7          void QMC5883_Start()
   8          {
   9   1          SDA = 1;                    //拉高数据线
  10   1          SCL = 1;                    //拉高时钟线
  11   1          delay_us();                 //延时
  12   1          SDA = 0;                    //产生下降沿
  13   1          delay_us();                 //延时
  14   1          SCL = 0;                    //拉低时钟线
  15   1      }
  16          
  17          /**************************************
  18          停止信号
  19          **************************************/
  20          void QMC5883_Stop()
  21          {
  22   1          SDA = 0;                    //拉低数据线
  23   1          SCL = 1;                    //拉高时钟线
  24   1          delay_us();                 //延时
  25   1          SDA = 1;                    //产生上升沿
  26   1          delay_us();                 //延时
  27   1      }
  28          
  29          /**************************************
  30          发送应答信号
  31          入口参数:ack (0:ACK 1:NAK)
  32          **************************************/
  33          void QMC5883_SendACK(bit ack)
  34          {
  35   1          SDA = ack;                  //写应答信号
  36   1          SCL = 1;                    //拉高时钟线
  37   1          delay_us();                 //延时
  38   1          SCL = 0;                    //拉低时钟线
  39   1          delay_us();                 //延时
  40   1      }
  41          
  42          /**************************************
  43          接收应答信号
  44          **************************************/
  45          bit QMC5883_RecvACK()
  46          {
  47   1          SCL = 1;                    //拉高时钟线
  48   1          delay_us();                //延时
  49   1          CY = SDA;                   //进位标志 读应答信号
  50   1          SCL = 0;                    //拉低时钟线
  51   1          delay_us();                //延时
  52   1          return CY;
  53   1      }
  54          
C51 COMPILER V9.60.7.0   IIC                                                               09/06/2024 17:11:43 PAGE 2   

  55          /**************************************
  56          向IIC总线发送一个字节数据
  57          **************************************/
  58          void QMC5883_SendByte(u8 dat)
  59          {
  60   1          u8 i;
  61   1      
  62   1          for (i=0; i<8; i++)         //8位计数器
  63   1          {
  64   2              dat <<= 1;              //移出数据的最高位
  65   2              SDA = CY;               //送数据口
  66   2              SCL = 1;                //拉高时钟线
  67   2              delay_us();             //延时
  68   2              SCL = 0;                //拉低时钟线
  69   2              delay_us();             //延时
  70   2          }
  71   1          QMC5883_RecvACK();
  72   1      }
  73          
  74          /**************************************
  75          从IIC总线接收一个字节数据
  76          **************************************/
  77          u8 QMC5883_RecvByte()
  78          {
  79   1          u8 i;
  80   1          u8 dat = 0;
  81   1      
  82   1          SDA = 1;                    //使能内部上拉,准备读取数据,
  83   1          for (i=0; i<8; i++)         //8位计数器
  84   1          {
  85   2              dat <<= 1;
  86   2              SCL = 1;                //拉高时钟线
  87   2              delay_us();             //延时
  88   2              dat |= SDA;             //读数据               
  89   2              SCL = 0;                //拉低时钟线
  90   2              delay_us();             //延时
  91   2          }
  92   1          return dat;
  93   1      }
  94          
  95          //************************写入单字节数据***************************
  96          
  97          void Single_Write_QMC5883(u8 REG_Address,u8 REG_data)
  98          {
  99   1          QMC5883_Start();                  //起始信号
 100   1          QMC5883_SendByte(Slave_Address);   //发送设备地址+写信号
 101   1          QMC5883_SendByte(REG_Address);    //内部寄存器地址，请参考中文pdf 
 102   1          QMC5883_SendByte(REG_data);       //内部寄存器数据，请参考中文pdf
 103   1          QMC5883_Stop();                   //发送停止信号
 104   1      }
 105          
 106          
 107          //******************************************************
 108          //连续读出QMC5883内部角度数据，地址范围0x00~0x05
 109          //******************************************************
 110          void Multiple_Read_QMC5883(void)
 111          {   
 112   1          u8 i;
 113   1          QMC5883_Start();                          //起始信号
 114   1          QMC5883_SendByte(Slave_Address);          //发送设备地址+写信号
 115   1          QMC5883_SendByte(0x00);                   //发送存储单元地址，从0x00开始  
 116   1          QMC5883_Start();                          //起始信号
C51 COMPILER V9.60.7.0   IIC                                                               09/06/2024 17:11:43 PAGE 3   

 117   1          QMC5883_SendByte(Slave_Address+1);        //发送设备地址+读信号
 118   1         for (i=0; i<6; i++)                      //连续读取6个地址数据，存储中BUF
 119   1          {
 120   2              BUF[i] = QMC5883_RecvByte();          //BUF[0]存储数据
 121   2              if (i == 5)
 122   2              {
 123   3                 QMC5883_SendACK(1);                //最后一个数据需要回非应答NOACK
 124   3              }
 125   2              else
 126   2              {
 127   3                QMC5883_SendACK(0);                 //应答ACK
 128   3             }
 129   2         }
 130   1          QMC5883_Stop();                           //停止信号
 131   1          delay_ms(5);
 132   1      }
 133          
 134          //初始化QMC5883，根据需要请参考pdf进行修改****
 135          void Init_QMC5883()
 136          {
 137   1      
 138   1        Single_Write_QMC5883(0x09,0x0d);  //控制寄存器配置
 139   1        Single_Write_QMC5883(0x0b,0x01);  //设置清除时间寄存器
 140   1        Single_Write_QMC5883(0x20,0x40);  //
 141   1        Single_Write_QMC5883(0x21,0x01);  //  
 142   1      }


MODULE INFORMATION:   STATIC OVERLAYABLE
   CODE SIZE        =    249    ----
   CONSTANT SIZE    =   ----    ----
   XDATA SIZE       =   ----    ----
   PDATA SIZE       =   ----    ----
   DATA SIZE        =   ----       7
   IDATA SIZE       =   ----    ----
   BIT SIZE         =   ----       1
END OF MODULE INFORMATION.


C51 COMPILATION COMPLETE.  0 WARNING(S),  0 ERROR(S)
